\BOOKMARK [0][]{chapter.1}{Simulation-based Resilience Prediction of Microservice Architectures}{}% 1
\BOOKMARK [0][]{chapter.1}{Samuel Beck, Johannes G\374nth\366r, Christoph Zorn}{}% 2
\BOOKMARK [1][-]{section.1.1}{1 Introduction}{chapter.1}% 3
\BOOKMARK [1][-]{section.1.2}{2 Research}{chapter.1}% 4
\BOOKMARK [2][-]{subsection.1.2.1}{2.1 Tool Evaluation with Regard to Sutability for the Adaptation for Microservice Arcitectures}{section.1.2}% 5
\BOOKMARK [3][-]{section*.1}{Spigo}{subsection.1.2.1}% 6
\BOOKMARK [3][-]{section*.2}{Palladio}{subsection.1.2.1}% 7
\BOOKMARK [3][-]{section*.3}{Simulizar}{subsection.1.2.1}% 8
\BOOKMARK [3][-]{section*.4}{GreenCloud}{subsection.1.2.1}% 9
\BOOKMARK [3][-]{section*.5}{CloudSim}{subsection.1.2.1}% 10
\BOOKMARK [1][-]{section.1.3}{3 Simulatorspecification}{chapter.1}% 11
\BOOKMARK [2][-]{subsection.1.3.1}{3.1 Input properties}{section.1.3}% 12
\BOOKMARK [2][-]{subsection.1.3.2}{3.2 Expected system runtime behavior}{section.1.3}% 13
\BOOKMARK [2][-]{subsection.1.3.3}{3.3 Expected output metrics}{section.1.3}% 14
\BOOKMARK [2][-]{subsection.1.3.4}{3.4 Supported failiure modes}{section.1.3}% 15
\BOOKMARK [2][-]{subsection.1.3.5}{3.5 Reliability Patterns}{section.1.3}% 16
\BOOKMARK [2][-]{subsection.1.3.6}{3.6 Specification conclusion}{section.1.3}% 17
\BOOKMARK [1][-]{section.1.4}{4 Simulator internal workflow}{chapter.1}% 18
\BOOKMARK [2][-]{subsection.1.4.1}{4.1 MainModelClass}{section.1.4}% 19
\BOOKMARK [3][-]{section*.7}{Main Method}{subsection.1.4.1}% 20
\BOOKMARK [3][-]{section*.8}{init Method}{subsection.1.4.1}% 21
\BOOKMARK [3][-]{section*.9}{doInitialSchedules Method}{subsection.1.4.1}% 22
\BOOKMARK [2][-]{subsection.1.4.2}{4.2 StartMicroserviceEvent}{section.1.4}% 23
\BOOKMARK [2][-]{subsection.1.4.3}{4.3 StopMicroserviceEvent}{section.1.4}% 24
\BOOKMARK [2][-]{subsection.1.4.4}{4.4 Entities}{section.1.4}% 25
\BOOKMARK [1][-]{section.1.5}{5 Simulatordocumentation}{chapter.1}% 26
\BOOKMARK [1][-]{section.1.6}{6 Conclusions}{chapter.1}% 27
